{"E:\\Projects\\pokedesk\\src\\components\\Heading\\index.tsx": {"path":"E:\\Projects\\pokedesk\\src\\components\\Heading\\index.tsx","statementMap":{"0":{"start":{"line":1,"column":0},"end":{"line":1,"column":26}},"1":{"start":{"line":3,"column":0},"end":{"line":3,"column":28}},"2":{"start":{"line":4,"column":0},"end":{"line":4,"column":38}},"3":{"start":{"line":10,"column":37},"end":{"line":16,"column":2}},"4":{"start":{"line":23,"column":41},"end":{"line":29,"column":1}},"5":{"start":{"line":23,"column":52},"end":{"line":23,"column":54}},"6":{"start":{"line":23,"column":54},"end":{"line":23,"column":58}},"7":{"start":{"line":23,"column":58},"end":{"line":23,"column":67}},"8":{"start":{"line":23,"column":67},"end":{"line":23,"column":76}},"9":{"start":{"line":23,"column":76},"end":{"line":23,"column":85}},"10":{"start":{"line":24,"column":25},"end":{"line":26,"column":6}},"11":{"start":{"line":28,"column":4},"end":{"line":28,"column":82}},"12":{"start":{"line":31,"column":0},"end":{"line":31,"column":23}}},"fnMap":{"0":{"name":"(anonymous_1)","decl":{"start":{"line":23,"column":41},"end":{"line":23,"column":42}},"loc":{"start":{"line":23,"column":85},"end":{"line":29,"column":1}}}},"branchMap":{"0":{"loc":{"start":{"line":23,"column":61},"end":{"line":23,"column":65}},"type":"cond-expr","locations":[{"start":{"line":23,"column":61},"end":{"line":23,"column":65}},{"start":{"line":23,"column":65},"end":{"line":23,"column":67}}]},"1":{"loc":{"start":{"line":23,"column":79},"end":{"line":23,"column":83}},"type":"cond-expr","locations":[{"start":{"line":23,"column":79},"end":{"line":23,"column":83}},{"start":{"line":23,"column":83},"end":{"line":23,"column":85}}]}},"s":{"0":1,"1":1,"2":1,"3":1,"4":1,"5":3,"6":3,"7":3,"8":3,"9":3,"10":3,"11":3,"12":1},"f":{"0":3},"b":{"0":[2,1],"1":[3,0]}}
,"E:\\Projects\\pokedesk\\src\\config\\index.ts": {"path":"E:\\Projects\\pokedesk\\src\\config\\index.ts","statementMap":{"0":{"start":{"line":1,"column":15},"end":{"line":42,"column":4}},"1":{"start":{"line":44,"column":2},"end":{"line":44,"column":24}}},"fnMap":{},"branchMap":{},"s":{"0":1,"1":1},"f":{},"b":{}}
,"E:\\Projects\\pokedesk\\src\\utils\\getUrlWithParamsConfig.ts": {"path":"E:\\Projects\\pokedesk\\src\\utils\\getUrlWithParamsConfig.ts","statementMap":{"0":{"start":{"line":1,"column":0},"end":{"line":1,"column":37}},"1":{"start":{"line":20,"column":31},"end":{"line":64,"column":1}},"2":{"start":{"line":22,"column":37},"end":{"line":22,"column":75}},"3":{"start":{"line":22,"column":16},"end":{"line":22,"column":18}},"4":{"start":{"line":22,"column":21},"end":{"line":22,"column":37}},"5":{"start":{"line":24,"column":13},"end":{"line":24,"column":15}},"6":{"start":{"line":25,"column":20},"end":{"line":29,"column":null}},"7":{"start":{"line":33,"column":13},"end":{"line":34,"column":null}},"8":{"start":{"line":37,"column":19},"end":{"line":46,"column":27}},"9":{"start":{"line":38,"column":4},"end":{"line":43,"column":null}},"10":{"start":{"line":39,"column":21},"end":{"line":39,"column":78}},"11":{"start":{"line":41,"column":6},"end":{"line":41,"column":24}},"12":{"start":{"line":42,"column":6},"end":{"line":42,"column":20}},"13":{"start":{"line":45,"column":4},"end":{"line":45,"column":15}},"14":{"start":{"line":48,"column":2},"end":{"line":48,"column":35}},"15":{"start":{"line":50,"column":2},"end":{"line":57,"column":null}},"16":{"start":{"line":51,"column":4},"end":{"line":54,"column":6}},"17":{"start":{"line":56,"column":4},"end":{"line":56,"column":17}},"18":{"start":{"line":59,"column":2},"end":{"line":63,"column":4}},"19":{"start":{"line":66,"column":0},"end":{"line":66,"column":38}}},"fnMap":{"0":{"name":"(anonymous_3)","decl":{"start":{"line":20,"column":31},"end":{"line":20,"column":32}},"loc":{"start":{"line":20,"column":70},"end":{"line":64,"column":1}}},"1":{"name":"(anonymous_4)","decl":{"start":{"line":37,"column":45},"end":{"line":37,"column":46}},"loc":{"start":{"line":37,"column":54},"end":{"line":46,"column":3}}}},"branchMap":{"0":{"loc":{"start":{"line":38,"column":4},"end":{"line":43,"column":null}},"type":"if","locations":[{"start":{"line":38,"column":4},"end":{"line":43,"column":null}},{"start":{"line":38,"column":4},"end":{"line":43,"column":null}}]},"1":{"loc":{"start":{"line":50,"column":2},"end":{"line":57,"column":null}},"type":"if","locations":[{"start":{"line":50,"column":2},"end":{"line":57,"column":null}},{"start":{"line":50,"column":2},"end":{"line":57,"column":null}}]}},"s":{"0":1,"1":1,"2":6,"3":6,"4":6,"5":6,"6":6,"7":6,"8":6,"9":4,"10":3,"11":3,"12":3,"13":1,"14":6,"15":6,"16":3,"17":3,"18":6,"19":1},"f":{"0":6,"1":4},"b":{"0":[3,1],"1":[3,3]}}
,"E:\\Projects\\pokedesk\\src\\utils\\toCapitalizeFirstLetter.ts": {"path":"E:\\Projects\\pokedesk\\src\\utils\\toCapitalizeFirstLetter.ts","statementMap":{"0":{"start":{"line":1,"column":32},"end":{"line":1,"column":60}},"1":{"start":{"line":1,"column":57},"end":{"line":1,"column":112}},"2":{"start":{"line":3,"column":0},"end":{"line":3,"column":39}}},"fnMap":{"0":{"name":"(anonymous_0)","decl":{"start":{"line":1,"column":32},"end":{"line":1,"column":33}},"loc":{"start":{"line":1,"column":44},"end":{"line":1,"column":60}}}},"branchMap":{},"s":{"0":1,"1":5,"2":1},"f":{"0":5},"b":{}}
}
