TN:
SF:src\components\Heading\index.tsx
FN:23,(anonymous_1)
FNF:1
FNH:1
FNDA:3,(anonymous_1)
DA:1,1
DA:3,1
DA:4,1
DA:10,1
DA:23,3
DA:24,3
DA:28,3
DA:31,1
LF:8
LH:8
BRDA:23,0,0,2
BRDA:23,0,1,1
BRDA:23,1,0,3
BRDA:23,1,1,0
BRF:4
BRH:3
end_of_record
TN:
SF:src\config\index.ts
FNF:0
FNH:0
DA:1,1
DA:44,1
LF:2
LH:2
BRF:0
BRH:0
end_of_record
TN:
SF:src\utils\getUrlWithParamsConfig.ts
FN:20,(anonymous_3)
FN:37,(anonymous_4)
FNF:2
FNH:2
FNDA:6,(anonymous_3)
FNDA:4,(anonymous_4)
DA:1,1
DA:20,1
DA:22,6
DA:24,6
DA:25,6
DA:33,6
DA:37,6
DA:38,4
DA:39,3
DA:41,3
DA:42,3
DA:45,1
DA:48,6
DA:50,6
DA:51,3
DA:56,3
DA:59,6
DA:66,1
LF:18
LH:18
BRDA:38,0,0,3
BRDA:38,0,1,1
BRDA:50,1,0,3
BRDA:50,1,1,3
BRF:4
BRH:4
end_of_record
TN:
SF:src\utils\toCapitalizeFirstLetter.ts
FN:1,(anonymous_0)
FNF:1
FNH:1
FNDA:5,(anonymous_0)
DA:1,5
DA:3,1
LF:2
LH:2
BRF:0
BRH:0
end_of_record
